<?xml version="1.0" encoding="UTF-8"?><testrun name="RunnerClass" project="AdactinCucumber" tests="1" started="1" failures="0" errors="1" ignored="0">
  <testsuite name="com.adactin.runner.RunnerClass" time="0.0" displayname="RunnerClass" uniqueid="[engine:junit-vintage]/[runner:com.adactin.runner.RunnerClass]">
    <testcase name="com.adactin.runner.RunnerClass" classname="com.adactin.runner.RunnerClass" time="0.0" displayname="initializationError" uniqueid="[engine:junit-vintage]/[runner:com.adactin.runner.RunnerClass]/[test:initializationError(com.adactin.runner.RunnerClass)]">
      <error>cucumber.runtime.DuplicateStepDefinitionException: Duplicate step definitions in com.adactin.stepdefinition.StepDefinition.user_Enter_The_Expiry_Date() in file:/C:/Users/91729/eclipse-workspace/AdactinCucumber/target/test-classes/ and com.adactin.stepdefinition.StepDefinition.user_Enter_The_Expiry_Year() in file:/C:/Users/91729/eclipse-workspace/AdactinCucumber/target/test-classes/&#13;
	at cucumber.runtime.RuntimeGlue.addStepDefinition(RuntimeGlue.java:33)&#13;
	at cucumber.runtime.java.JavaBackend.addStepDefinition(JavaBackend.java:151)&#13;
	at cucumber.runtime.java.MethodScanner.scan(MethodScanner.java:68)&#13;
	at cucumber.runtime.java.MethodScanner.scan(MethodScanner.java:41)&#13;
	at cucumber.runtime.java.JavaBackend.loadGlue(JavaBackend.java:86)&#13;
	at cucumber.runtime.Runtime.&lt;init&gt;(Runtime.java:92)&#13;
	at cucumber.runtime.Runtime.&lt;init&gt;(Runtime.java:70)&#13;
	at cucumber.runtime.Runtime.&lt;init&gt;(Runtime.java:66)&#13;
	at cucumber.api.junit.Cucumber.createRuntime(Cucumber.java:80)&#13;
	at cucumber.api.junit.Cucumber.&lt;init&gt;(Cucumber.java:59)&#13;
	at java.base/jdk.internal.reflect.NativeConstructorAccessorImpl.newInstance0(Native Method)&#13;
	at java.base/jdk.internal.reflect.NativeConstructorAccessorImpl.newInstance(NativeConstructorAccessorImpl.java:62)&#13;
	at java.base/jdk.internal.reflect.DelegatingConstructorAccessorImpl.newInstance(DelegatingConstructorAccessorImpl.java:45)&#13;
	at java.base/java.lang.reflect.Constructor.newInstance(Constructor.java:490)&#13;
	at org.junit.internal.builders.AnnotatedBuilder.buildRunner(AnnotatedBuilder.java:104)&#13;
	at org.junit.vintage.engine.discovery.DefensiveAllDefaultPossibilitiesBuilder$DefensiveAnnotatedBuilder.buildRunner(DefensiveAllDefaultPossibilitiesBuilder.java:114)&#13;
	at org.junit.internal.builders.AnnotatedBuilder.runnerForClass(AnnotatedBuilder.java:86)&#13;
	at org.junit.runners.model.RunnerBuilder.safeRunnerForClass(RunnerBuilder.java:70)&#13;
	at org.junit.internal.builders.AllDefaultPossibilitiesBuilder.runnerForClass(AllDefaultPossibilitiesBuilder.java:37)&#13;
	at org.junit.vintage.engine.discovery.DefensiveAllDefaultPossibilitiesBuilder.runnerForClass(DefensiveAllDefaultPossibilitiesBuilder.java:57)&#13;
	at org.junit.runners.model.RunnerBuilder.safeRunnerForClass(RunnerBuilder.java:70)&#13;
	at org.junit.vintage.engine.discovery.ClassSelectorResolver.resolveTestClass(ClassSelectorResolver.java:66)&#13;
	at org.junit.vintage.engine.discovery.ClassSelectorResolver.resolve(ClassSelectorResolver.java:47)&#13;
	at org.junit.platform.engine.support.discovery.EngineDiscoveryRequestResolution.lambda$resolve$2(EngineDiscoveryRequestResolution.java:135)&#13;
	at java.base/java.util.stream.ReferencePipeline$3$1.accept(ReferencePipeline.java:195)&#13;
	at java.base/java.util.ArrayList$ArrayListSpliterator.tryAdvance(ArrayList.java:1632)&#13;
	at java.base/java.util.stream.ReferencePipeline.forEachWithCancel(ReferencePipeline.java:127)&#13;
	at java.base/java.util.stream.AbstractPipeline.copyIntoWithCancel(AbstractPipeline.java:502)&#13;
	at java.base/java.util.stream.AbstractPipeline.copyInto(AbstractPipeline.java:488)&#13;
	at java.base/java.util.stream.AbstractPipeline.wrapAndCopyInto(AbstractPipeline.java:474)&#13;
	at java.base/java.util.stream.FindOps$FindOp.evaluateSequential(FindOps.java:150)&#13;
	at java.base/java.util.stream.AbstractPipeline.evaluate(AbstractPipeline.java:234)&#13;
	at java.base/java.util.stream.ReferencePipeline.findFirst(ReferencePipeline.java:543)&#13;
	at org.junit.platform.engine.support.discovery.EngineDiscoveryRequestResolution.resolve(EngineDiscoveryRequestResolution.java:189)&#13;
	at org.junit.platform.engine.support.discovery.EngineDiscoveryRequestResolution.resolve(EngineDiscoveryRequestResolution.java:126)&#13;
	at org.junit.platform.engine.support.discovery.EngineDiscoveryRequestResolution.resolveCompletely(EngineDiscoveryRequestResolution.java:92)&#13;
	at org.junit.platform.engine.support.discovery.EngineDiscoveryRequestResolution.run(EngineDiscoveryRequestResolution.java:83)&#13;
	at org.junit.platform.engine.support.discovery.EngineDiscoveryRequestResolver.resolve(EngineDiscoveryRequestResolver.java:113)&#13;
	at org.junit.vintage.engine.discovery.VintageDiscoverer.discover(VintageDiscoverer.java:42)&#13;
	at org.junit.vintage.engine.VintageTestEngine.discover(VintageTestEngine.java:64)&#13;
	at org.junit.platform.launcher.core.EngineDiscoveryOrchestrator.discoverEngineRoot(EngineDiscoveryOrchestrator.java:152)&#13;
	at org.junit.platform.launcher.core.EngineDiscoveryOrchestrator.discoverSafely(EngineDiscoveryOrchestrator.java:132)&#13;
	at org.junit.platform.launcher.core.EngineDiscoveryOrchestrator.discover(EngineDiscoveryOrchestrator.java:107)&#13;
	at org.junit.platform.launcher.core.EngineDiscoveryOrchestrator.discover(EngineDiscoveryOrchestrator.java:78)&#13;
	at org.junit.platform.launcher.core.DefaultLauncher.discover(DefaultLauncher.java:110)&#13;
	at org.junit.platform.launcher.core.DefaultLauncher.discover(DefaultLauncher.java:78)&#13;
	at org.junit.platform.launcher.core.DefaultLauncherSession$DelegatingLauncher.discover(DefaultLauncherSession.java:81)&#13;
	at org.junit.platform.launcher.core.SessionPerRequestLauncher.discover(SessionPerRequestLauncher.java:46)&#13;
	at org.eclipse.jdt.internal.junit5.runner.JUnit5TestReference.&lt;init&gt;(JUnit5TestReference.java:46)&#13;
	at org.eclipse.jdt.internal.junit5.runner.JUnit5TestLoader.createUnfilteredTest(JUnit5TestLoader.java:88)&#13;
	at org.eclipse.jdt.internal.junit5.runner.JUnit5TestLoader.createTest(JUnit5TestLoader.java:69)&#13;
	at org.eclipse.jdt.internal.junit5.runner.JUnit5TestLoader.loadTests(JUnit5TestLoader.java:56)&#13;
	at org.eclipse.jdt.internal.junit.runner.RemoteTestRunner.runTests(RemoteTestRunner.java:513)&#13;
	at org.eclipse.jdt.internal.junit.runner.RemoteTestRunner.runTests(RemoteTestRunner.java:756)&#13;
	at org.eclipse.jdt.internal.junit.runner.RemoteTestRunner.run(RemoteTestRunner.java:452)&#13;
	at org.eclipse.jdt.internal.junit.runner.RemoteTestRunner.main(RemoteTestRunner.java:210)&#13;
&#13;
</error>
    </testcase>
  </testsuite>
</testrun>
